<?xml version="1.0" encoding="UTF-8"?>
<!-- Generated by org.testng.reporters.JUnitReportReporter -->
<testsuite hostname="Yasar" failures="0" tests="4" name="api.test.UserTests" time="4.184" errors="0" timestamp="2023-05-11T16:59:34 EDT" skipped="0">
  <testcase classname="api.test.UserTests" name="testPostUser" time="3.441"/>
  <system-out/>
  <testcase classname="api.test.UserTests" name="testGetUser" time="0.208"/>
  <system-out/>
  <testcase classname="api.test.UserTests" name="testUpdateUser" time="0.366"/>
  <system-out/>
  <testcase classname="api.test.UserTests" name="testDeleteUser" time="0.169"/>
  <system-out/>
</testsuite> <!-- api.test.UserTests -->
