<?xml version="1.0" encoding="UTF-8"?>
<!-- Generated by org.testng.reporters.JUnitReportReporter -->
<testsuite hostname="Yasar" failures="0" tests="4" name="api.test.UserTests" time="6.159" errors="0" timestamp="2023-05-12T12:10:16 EDT" skipped="0">
  <testcase classname="api.test.UserTests" name="testPostUser" time="5.199"/>
  <system-out/>
  <testcase classname="api.test.UserTests" name="testGetUser" time="0.261"/>
  <system-out/>
  <testcase classname="api.test.UserTests" name="testUpdateUser" time="0.484"/>
  <system-out/>
  <testcase classname="api.test.UserTests" name="testDeleteUser" time="0.215"/>
  <system-out/>
</testsuite> <!-- api.test.UserTests -->
