<?xml version="1.0" encoding="UTF-8"?>
<!-- Generated by org.testng.reporters.JUnitReportReporter -->
<testsuite hostname="Yasar" failures="0" tests="15" name="api.test.DataDrivenUserTest" time="3.133" errors="0" timestamp="2023-05-12T12:10:16 EDT" skipped="0">
  <testcase classname="api.test.DataDrivenUserTest" name="testCreateUser" time="0.237"/>
  <system-out/>
  <testcase classname="api.test.DataDrivenUserTest" name="testCreateUser" time="0.235"/>
  <system-out/>
  <testcase classname="api.test.DataDrivenUserTest" name="testCreateUser" time="0.209"/>
  <system-out/>
  <testcase classname="api.test.DataDrivenUserTest" name="testCreateUser" time="0.210"/>
  <system-out/>
  <testcase classname="api.test.DataDrivenUserTest" name="testCreateUser" time="0.250"/>
  <system-out/>
  <testcase classname="api.test.DataDrivenUserTest" name="testReadUser" time="0.197"/>
  <system-out/>
  <testcase classname="api.test.DataDrivenUserTest" name="testReadUser" time="0.194"/>
  <system-out/>
  <testcase classname="api.test.DataDrivenUserTest" name="testReadUser" time="0.187"/>
  <system-out/>
  <testcase classname="api.test.DataDrivenUserTest" name="testReadUser" time="0.184"/>
  <system-out/>
  <testcase classname="api.test.DataDrivenUserTest" name="testReadUser" time="0.191"/>
  <system-out/>
  <testcase classname="api.test.DataDrivenUserTest" name="testDeleteUser" time="0.199"/>
  <system-out/>
  <testcase classname="api.test.DataDrivenUserTest" name="testDeleteUser" time="0.208"/>
  <system-out/>
  <testcase classname="api.test.DataDrivenUserTest" name="testDeleteUser" time="0.235"/>
  <system-out/>
  <testcase classname="api.test.DataDrivenUserTest" name="testDeleteUser" time="0.182"/>
  <system-out/>
  <testcase classname="api.test.DataDrivenUserTest" name="testDeleteUser" time="0.215"/>
  <system-out/>
</testsuite> <!-- api.test.DataDrivenUserTest -->
